{"D:\\gitHub\\codingPartners\\newton\\To-Do-List\\modules\\taskStatus.js": {"path":"D:\\gitHub\\codingPartners\\newton\\To-Do-List\\modules\\taskStatus.js","statementMap":{"0":{"start":{"line":3,"column":2},"end":{"line":3,"column":41}},"1":{"start":{"line":4,"column":2},"end":{"line":4,"column":19}},"2":{"start":{"line":8,"column":2},"end":{"line":8,"column":50}},"3":{"start":{"line":8,"column":33},"end":{"line":8,"column":48}},"4":{"start":{"line":9,"column":2},"end":{"line":9,"column":27}},"5":{"start":{"line":10,"column":2},"end":{"line":10,"column":19}},"6":{"start":{"line":14,"column":2},"end":{"line":16,"column":5}},"7":{"start":{"line":15,"column":4},"end":{"line":15,"column":27}},"8":{"start":{"line":20,"column":2},"end":{"line":20,"column":55}}},"fnMap":{"0":{"name":"updateTaskStatus","decl":{"start":{"line":2,"column":16},"end":{"line":2,"column":32}},"loc":{"start":{"line":2,"column":62},"end":{"line":5,"column":1}},"line":2},"1":{"name":"clearCompletedTasks","decl":{"start":{"line":7,"column":16},"end":{"line":7,"column":35}},"loc":{"start":{"line":7,"column":43},"end":{"line":11,"column":1}},"line":7},"2":{"name":"(anonymous_2)","decl":{"start":{"line":8,"column":23},"end":{"line":8,"column":24}},"loc":{"start":{"line":8,"column":33},"end":{"line":8,"column":48}},"line":8},"3":{"name":"updateTaskIndexes","decl":{"start":{"line":13,"column":9},"end":{"line":13,"column":26}},"loc":{"start":{"line":13,"column":34},"end":{"line":17,"column":1}},"line":13},"4":{"name":"(anonymous_4)","decl":{"start":{"line":14,"column":16},"end":{"line":14,"column":17}},"loc":{"start":{"line":14,"column":33},"end":{"line":16,"column":3}},"line":14},"5":{"name":"saveTasks","decl":{"start":{"line":19,"column":9},"end":{"line":19,"column":18}},"loc":{"start":{"line":19,"column":26},"end":{"line":21,"column":1}},"line":19}},"branchMap":{},"s":{"0":0,"1":0,"2":0,"3":0,"4":0,"5":0,"6":0,"7":0,"8":0},"f":{"0":0,"1":0,"2":0,"3":0,"4":0,"5":0},"b":{},"_coverageSchema":"1a1c01bbd47fc00a2c39e90264f33305004495a9","hash":"919e1edd67497b0e018c20359238fabde3661442"}
,"D:\\gitHub\\codingPartners\\newton\\To-Do-List\\src\\add-task.js": {"path":"D:\\gitHub\\codingPartners\\newton\\To-Do-List\\src\\add-task.js","statementMap":{"0":{"start":{"line":10,"column":18},"end":{"line":14,"column":3}},"1":{"start":{"line":16,"column":2},"end":{"line":16,"column":22}},"2":{"start":{"line":17,"column":2},"end":{"line":17,"column":14}},"3":{"start":{"line":18,"column":2},"end":{"line":18,"column":21}}},"fnMap":{"0":{"name":"addTask","decl":{"start":{"line":9,"column":16},"end":{"line":9,"column":23}},"loc":{"start":{"line":9,"column":48},"end":{"line":19,"column":1}},"line":9}},"branchMap":{},"s":{"0":2,"1":2,"2":2,"3":2},"f":{"0":2},"b":{},"_coverageSchema":"1a1c01bbd47fc00a2c39e90264f33305004495a9","hash":"0efa5333fe4f368cc19063c6c3187711c5e30629"}
,"D:\\gitHub\\codingPartners\\newton\\To-Do-List\\src\\clearall-checked.js": {"path":"D:\\gitHub\\codingPartners\\newton\\To-Do-List\\src\\clearall-checked.js","statementMap":{"0":{"start":{"line":4,"column":4},"end":{"line":4,"column":60}},"1":{"start":{"line":5,"column":4},"end":{"line":5,"column":52}},"2":{"start":{"line":5,"column":35},"end":{"line":5,"column":50}},"3":{"start":{"line":6,"column":4},"end":{"line":8,"column":7}},"4":{"start":{"line":7,"column":6},"end":{"line":7,"column":29}},"5":{"start":{"line":9,"column":4},"end":{"line":9,"column":57}},"6":{"start":{"line":10,"column":2},"end":{"line":10,"column":21}},"7":{"start":{"line":11,"column":2},"end":{"line":11,"column":15}}},"fnMap":{"0":{"name":"removeCompletedTasks","decl":{"start":{"line":3,"column":16},"end":{"line":3,"column":36}},"loc":{"start":{"line":3,"column":44},"end":{"line":12,"column":3}},"line":3},"1":{"name":"(anonymous_1)","decl":{"start":{"line":5,"column":25},"end":{"line":5,"column":26}},"loc":{"start":{"line":5,"column":35},"end":{"line":5,"column":50}},"line":5},"2":{"name":"(anonymous_2)","decl":{"start":{"line":6,"column":18},"end":{"line":6,"column":19}},"loc":{"start":{"line":6,"column":35},"end":{"line":8,"column":5}},"line":6}},"branchMap":{"0":{"loc":{"start":{"line":4,"column":12},"end":{"line":4,"column":59}},"type":"binary-expr","locations":[{"start":{"line":4,"column":12},"end":{"line":4,"column":53}},{"start":{"line":4,"column":57},"end":{"line":4,"column":59}}],"line":4}},"s":{"0":3,"1":3,"2":6,"3":3,"4":3,"5":3,"6":3,"7":3},"f":{"0":3,"1":6,"2":3},"b":{"0":[3,0]},"_coverageSchema":"1a1c01bbd47fc00a2c39e90264f33305004495a9","hash":"65f7d73393d92e4df42b664578df5c4426fcfe64"}
,"D:\\gitHub\\codingPartners\\newton\\To-Do-List\\src\\deleteTask.js": {"path":"D:\\gitHub\\codingPartners\\newton\\To-Do-List\\src\\deleteTask.js","statementMap":{"0":{"start":{"line":9,"column":16},"end":{"line":9,"column":35}},"1":{"start":{"line":10,"column":2},"end":{"line":10,"column":25}},"2":{"start":{"line":11,"column":2},"end":{"line":13,"column":5}},"3":{"start":{"line":12,"column":4},"end":{"line":12,"column":27}},"4":{"start":{"line":14,"column":2},"end":{"line":14,"column":55}},"5":{"start":{"line":15,"column":2},"end":{"line":15,"column":21}}},"fnMap":{"0":{"name":"deleteTask","decl":{"start":{"line":8,"column":16},"end":{"line":8,"column":26}},"loc":{"start":{"line":8,"column":40},"end":{"line":16,"column":1}},"line":8},"1":{"name":"(anonymous_1)","decl":{"start":{"line":11,"column":16},"end":{"line":11,"column":17}},"loc":{"start":{"line":11,"column":33},"end":{"line":13,"column":3}},"line":11}},"branchMap":{},"s":{"0":3,"1":3,"2":3,"3":6,"4":3,"5":3},"f":{"0":3,"1":6},"b":{},"_coverageSchema":"1a1c01bbd47fc00a2c39e90264f33305004495a9","hash":"1c5aaa0365b89685bedcb2cb378a96f82661e31c"}
,"D:\\gitHub\\codingPartners\\newton\\To-Do-List\\src\\index.js": {"path":"D:\\gitHub\\codingPartners\\newton\\To-Do-List\\src\\index.js","statementMap":{"0":{"start":{"line":13,"column":12},"end":{"line":13,"column":64}},"1":{"start":{"line":16,"column":2},"end":{"line":18,"column":5}},"2":{"start":{"line":17,"column":4},"end":{"line":17,"column":27}},"3":{"start":{"line":22,"column":2},"end":{"line":22,"column":55}},"4":{"start":{"line":25,"column":0},"end":{"line":57,"column":3}},"5":{"start":{"line":26,"column":2},"end":{"line":26,"column":21}},"6":{"start":{"line":28,"column":2},"end":{"line":28,"column":22}},"7":{"start":{"line":30,"column":2},"end":{"line":30,"column":14}},"8":{"start":{"line":32,"column":20},"end":{"line":32,"column":57}},"9":{"start":{"line":33,"column":20},"end":{"line":33,"column":57}},"10":{"start":{"line":35,"column":2},"end":{"line":42,"column":5}},"11":{"start":{"line":36,"column":28},"end":{"line":36,"column":50}},"12":{"start":{"line":38,"column":4},"end":{"line":41,"column":5}},"13":{"start":{"line":39,"column":6},"end":{"line":39,"column":38}},"14":{"start":{"line":40,"column":6},"end":{"line":40,"column":27}},"15":{"start":{"line":44,"column":2},"end":{"line":53,"column":5}},"16":{"start":{"line":45,"column":4},"end":{"line":52,"column":5}},"17":{"start":{"line":46,"column":30},"end":{"line":46,"column":52}},"18":{"start":{"line":48,"column":6},"end":{"line":51,"column":7}},"19":{"start":{"line":49,"column":8},"end":{"line":49,"column":33}},"20":{"start":{"line":50,"column":8},"end":{"line":50,"column":29}},"21":{"start":{"line":55,"column":2},"end":{"line":55,"column":19}},"22":{"start":{"line":56,"column":2},"end":{"line":56,"column":25}},"23":{"start":{"line":60,"column":20},"end":{"line":60,"column":54}},"24":{"start":{"line":62,"column":2},"end":{"line":66,"column":5}},"25":{"start":{"line":63,"column":4},"end":{"line":63,"column":15}},"26":{"start":{"line":64,"column":4},"end":{"line":64,"column":23}},"27":{"start":{"line":65,"column":4},"end":{"line":65,"column":16}},"28":{"start":{"line":70,"column":2},"end":{"line":70,"column":30}},"29":{"start":{"line":73,"column":24},"end":{"line":73,"column":71}},"30":{"start":{"line":74,"column":0},"end":{"line":76,"column":1}},"31":{"start":{"line":75,"column":2},"end":{"line":75,"column":69}},"32":{"start":{"line":78,"column":0},"end":{"line":80,"column":1}},"33":{"start":{"line":79,"column":2},"end":{"line":79,"column":52}}},"fnMap":{"0":{"name":"updateTaskIndexes","decl":{"start":{"line":15,"column":16},"end":{"line":15,"column":33}},"loc":{"start":{"line":15,"column":36},"end":{"line":19,"column":1}},"line":15},"1":{"name":"(anonymous_1)","decl":{"start":{"line":16,"column":16},"end":{"line":16,"column":17}},"loc":{"start":{"line":16,"column":33},"end":{"line":18,"column":3}},"line":16},"2":{"name":"saveTasks","decl":{"start":{"line":21,"column":16},"end":{"line":21,"column":25}},"loc":{"start":{"line":21,"column":28},"end":{"line":23,"column":1}},"line":21},"3":{"name":"(anonymous_3)","decl":{"start":{"line":25,"column":44},"end":{"line":25,"column":45}},"loc":{"start":{"line":25,"column":50},"end":{"line":57,"column":1}},"line":25},"4":{"name":"(anonymous_4)","decl":{"start":{"line":35,"column":38},"end":{"line":35,"column":39}},"loc":{"start":{"line":35,"column":44},"end":{"line":42,"column":3}},"line":35},"5":{"name":"(anonymous_5)","decl":{"start":{"line":44,"column":40},"end":{"line":44,"column":41}},"loc":{"start":{"line":44,"column":51},"end":{"line":53,"column":3}},"line":44},"6":{"name":"removeAllTasks","decl":{"start":{"line":59,"column":9},"end":{"line":59,"column":23}},"loc":{"start":{"line":59,"column":26},"end":{"line":67,"column":1}},"line":59},"7":{"name":"(anonymous_7)","decl":{"start":{"line":62,"column":38},"end":{"line":62,"column":39}},"loc":{"start":{"line":62,"column":44},"end":{"line":66,"column":3}},"line":62},"8":{"name":"removeCompletedTasksfun","decl":{"start":{"line":69,"column":9},"end":{"line":69,"column":32}},"loc":{"start":{"line":69,"column":35},"end":{"line":71,"column":1}},"line":69}},"branchMap":{"0":{"loc":{"start":{"line":13,"column":12},"end":{"line":13,"column":64}},"type":"binary-expr","locations":[{"start":{"line":13,"column":12},"end":{"line":13,"column":58}},{"start":{"line":13,"column":62},"end":{"line":13,"column":64}}],"line":13},"1":{"loc":{"start":{"line":38,"column":4},"end":{"line":41,"column":5}},"type":"if","locations":[{"start":{"line":38,"column":4},"end":{"line":41,"column":5}},{"start":{},"end":{}}],"line":38},"2":{"loc":{"start":{"line":45,"column":4},"end":{"line":52,"column":5}},"type":"if","locations":[{"start":{"line":45,"column":4},"end":{"line":52,"column":5}},{"start":{},"end":{}}],"line":45},"3":{"loc":{"start":{"line":48,"column":6},"end":{"line":51,"column":7}},"type":"if","locations":[{"start":{"line":48,"column":6},"end":{"line":51,"column":7}},{"start":{},"end":{}}],"line":48},"4":{"loc":{"start":{"line":74,"column":0},"end":{"line":76,"column":1}},"type":"if","locations":[{"start":{"line":74,"column":0},"end":{"line":76,"column":1}},{"start":{},"end":{}}],"line":74},"5":{"loc":{"start":{"line":78,"column":0},"end":{"line":80,"column":1}},"type":"if","locations":[{"start":{"line":78,"column":0},"end":{"line":80,"column":1}},{"start":{},"end":{}}],"line":78}},"s":{"0":3,"1":0,"2":0,"3":0,"4":3,"5":0,"6":0,"7":0,"8":0,"9":0,"10":0,"11":0,"12":0,"13":0,"14":0,"15":0,"16":0,"17":0,"18":0,"19":0,"20":0,"21":0,"22":0,"23":0,"24":0,"25":0,"26":0,"27":0,"28":0,"29":3,"30":3,"31":0,"32":3,"33":0},"f":{"0":0,"1":0,"2":0,"3":0,"4":0,"5":0,"6":0,"7":0,"8":0},"b":{"0":[3,3],"1":[0,0],"2":[0,0],"3":[0,0],"4":[0,3],"5":[0,3]},"_coverageSchema":"1a1c01bbd47fc00a2c39e90264f33305004495a9","hash":"6d77c0d28e7f6b476d91184dc00e25a6786c88b1"}
}
