{"D:\\gitHub\\codingPartners\\newton\\To-Do-List\\modules\\taskStatus.js": {"path":"D:\\gitHub\\codingPartners\\newton\\To-Do-List\\modules\\taskStatus.js","statementMap":{"0":{"start":{"line":16,"column":2},"end":{"line":16,"column":55}}},"fnMap":{"0":{"name":"saveTasks","decl":{"start":{"line":15,"column":16},"end":{"line":15,"column":25}},"loc":{"start":{"line":15,"column":33},"end":{"line":17,"column":1}},"line":15}},"branchMap":{},"s":{"0":5},"f":{"0":5},"b":{},"_coverageSchema":"1a1c01bbd47fc00a2c39e90264f33305004495a9","hash":"43a1cb57b6c6ac0f46f0cc0f3edc370db16f7aa3"}
,"D:\\gitHub\\codingPartners\\newton\\To-Do-List\\src\\add-task.js": {"path":"D:\\gitHub\\codingPartners\\newton\\To-Do-List\\src\\add-task.js","statementMap":{"0":{"start":{"line":9,"column":12},"end":{"line":9,"column":59}},"1":{"start":{"line":12,"column":18},"end":{"line":16,"column":3}},"2":{"start":{"line":18,"column":2},"end":{"line":18,"column":22}},"3":{"start":{"line":19,"column":2},"end":{"line":19,"column":21}},"4":{"start":{"line":20,"column":2},"end":{"line":20,"column":19}},"5":{"start":{"line":21,"column":2},"end":{"line":21,"column":15}}},"fnMap":{"0":{"name":"addTask","decl":{"start":{"line":11,"column":16},"end":{"line":11,"column":23}},"loc":{"start":{"line":11,"column":41},"end":{"line":22,"column":1}},"line":11}},"branchMap":{"0":{"loc":{"start":{"line":9,"column":12},"end":{"line":9,"column":59}},"type":"binary-expr","locations":[{"start":{"line":9,"column":12},"end":{"line":9,"column":53}},{"start":{"line":9,"column":57},"end":{"line":9,"column":59}}],"line":9}},"s":{"0":4,"1":2,"2":2,"3":2,"4":2,"5":2},"f":{"0":2},"b":{"0":[4,4]},"_coverageSchema":"1a1c01bbd47fc00a2c39e90264f33305004495a9","hash":"c65ab61872db91cf1ec413343d99818e6e8ac8f4"}
,"D:\\gitHub\\codingPartners\\newton\\To-Do-List\\src\\clearall-checked.js": {"path":"D:\\gitHub\\codingPartners\\newton\\To-Do-List\\src\\clearall-checked.js","statementMap":{"0":{"start":{"line":9,"column":2},"end":{"line":9,"column":58}},"1":{"start":{"line":10,"column":2},"end":{"line":10,"column":50}},"2":{"start":{"line":10,"column":33},"end":{"line":10,"column":48}},"3":{"start":{"line":11,"column":2},"end":{"line":11,"column":21}},"4":{"start":{"line":12,"column":2},"end":{"line":12,"column":19}},"5":{"start":{"line":13,"column":2},"end":{"line":13,"column":15}}},"fnMap":{"0":{"name":"removeCompletedTasks","decl":{"start":{"line":8,"column":16},"end":{"line":8,"column":36}},"loc":{"start":{"line":8,"column":44},"end":{"line":14,"column":1}},"line":8},"1":{"name":"(anonymous_1)","decl":{"start":{"line":10,"column":23},"end":{"line":10,"column":24}},"loc":{"start":{"line":10,"column":33},"end":{"line":10,"column":48}},"line":10}},"branchMap":{"0":{"loc":{"start":{"line":9,"column":10},"end":{"line":9,"column":57}},"type":"binary-expr","locations":[{"start":{"line":9,"column":10},"end":{"line":9,"column":51}},{"start":{"line":9,"column":55},"end":{"line":9,"column":57}}],"line":9}},"s":{"0":3,"1":3,"2":6,"3":3,"4":3,"5":3},"f":{"0":3,"1":6},"b":{"0":[3,0]},"_coverageSchema":"1a1c01bbd47fc00a2c39e90264f33305004495a9","hash":"ee128e784ffaefd9b3dd2d2ec7fccf771a4f9fd1"}
,"D:\\gitHub\\codingPartners\\newton\\To-Do-List\\src\\deleteTask.js": {"path":"D:\\gitHub\\codingPartners\\newton\\To-Do-List\\src\\deleteTask.js","statementMap":{"0":{"start":{"line":8,"column":16},"end":{"line":8,"column":35}},"1":{"start":{"line":9,"column":2},"end":{"line":9,"column":25}},"2":{"start":{"line":10,"column":2},"end":{"line":12,"column":5}},"3":{"start":{"line":11,"column":4},"end":{"line":11,"column":27}},"4":{"start":{"line":13,"column":2},"end":{"line":13,"column":55}},"5":{"start":{"line":14,"column":2},"end":{"line":14,"column":21}}},"fnMap":{"0":{"name":"deleteTask","decl":{"start":{"line":7,"column":16},"end":{"line":7,"column":26}},"loc":{"start":{"line":7,"column":40},"end":{"line":15,"column":1}},"line":7},"1":{"name":"(anonymous_1)","decl":{"start":{"line":10,"column":16},"end":{"line":10,"column":17}},"loc":{"start":{"line":10,"column":33},"end":{"line":12,"column":3}},"line":10}},"branchMap":{},"s":{"0":3,"1":3,"2":3,"3":6,"4":3,"5":3},"f":{"0":3,"1":6},"b":{},"_coverageSchema":"1a1c01bbd47fc00a2c39e90264f33305004495a9","hash":"99e6e554bbaf737f3ad42ec02a52d81a983b8b51"}
,"D:\\gitHub\\codingPartners\\newton\\To-Do-List\\src\\index.js": {"path":"D:\\gitHub\\codingPartners\\newton\\To-Do-List\\src\\index.js","statementMap":{"0":{"start":{"line":14,"column":12},"end":{"line":14,"column":64}},"1":{"start":{"line":15,"column":0},"end":{"line":42,"column":3}},"2":{"start":{"line":16,"column":2},"end":{"line":16,"column":21}},"3":{"start":{"line":17,"column":20},"end":{"line":17,"column":57}},"4":{"start":{"line":18,"column":20},"end":{"line":18,"column":57}},"5":{"start":{"line":20,"column":2},"end":{"line":27,"column":5}},"6":{"start":{"line":21,"column":28},"end":{"line":21,"column":50}},"7":{"start":{"line":23,"column":4},"end":{"line":26,"column":5}},"8":{"start":{"line":24,"column":6},"end":{"line":24,"column":38}},"9":{"start":{"line":25,"column":6},"end":{"line":25,"column":27}},"10":{"start":{"line":29,"column":2},"end":{"line":38,"column":5}},"11":{"start":{"line":30,"column":4},"end":{"line":37,"column":5}},"12":{"start":{"line":31,"column":30},"end":{"line":31,"column":52}},"13":{"start":{"line":33,"column":6},"end":{"line":36,"column":7}},"14":{"start":{"line":34,"column":8},"end":{"line":34,"column":40}},"15":{"start":{"line":35,"column":8},"end":{"line":35,"column":29}},"16":{"start":{"line":40,"column":2},"end":{"line":40,"column":19}},"17":{"start":{"line":41,"column":2},"end":{"line":41,"column":25}},"18":{"start":{"line":45,"column":20},"end":{"line":45,"column":54}},"19":{"start":{"line":47,"column":2},"end":{"line":51,"column":5}},"20":{"start":{"line":48,"column":4},"end":{"line":48,"column":15}},"21":{"start":{"line":49,"column":4},"end":{"line":49,"column":23}},"22":{"start":{"line":50,"column":4},"end":{"line":50,"column":21}},"23":{"start":{"line":55,"column":2},"end":{"line":55,"column":30}},"24":{"start":{"line":58,"column":24},"end":{"line":58,"column":71}},"25":{"start":{"line":59,"column":0},"end":{"line":61,"column":1}},"26":{"start":{"line":60,"column":2},"end":{"line":60,"column":69}}},"fnMap":{"0":{"name":"(anonymous_0)","decl":{"start":{"line":15,"column":44},"end":{"line":15,"column":45}},"loc":{"start":{"line":15,"column":50},"end":{"line":42,"column":1}},"line":15},"1":{"name":"(anonymous_1)","decl":{"start":{"line":20,"column":38},"end":{"line":20,"column":39}},"loc":{"start":{"line":20,"column":44},"end":{"line":27,"column":3}},"line":20},"2":{"name":"(anonymous_2)","decl":{"start":{"line":29,"column":40},"end":{"line":29,"column":41}},"loc":{"start":{"line":29,"column":51},"end":{"line":38,"column":3}},"line":29},"3":{"name":"removeAllTasks","decl":{"start":{"line":44,"column":9},"end":{"line":44,"column":23}},"loc":{"start":{"line":44,"column":26},"end":{"line":52,"column":1}},"line":44},"4":{"name":"(anonymous_4)","decl":{"start":{"line":47,"column":38},"end":{"line":47,"column":39}},"loc":{"start":{"line":47,"column":44},"end":{"line":51,"column":3}},"line":47},"5":{"name":"removeCompletedTasksfun","decl":{"start":{"line":54,"column":9},"end":{"line":54,"column":32}},"loc":{"start":{"line":54,"column":35},"end":{"line":56,"column":1}},"line":54}},"branchMap":{"0":{"loc":{"start":{"line":14,"column":12},"end":{"line":14,"column":64}},"type":"binary-expr","locations":[{"start":{"line":14,"column":12},"end":{"line":14,"column":58}},{"start":{"line":14,"column":62},"end":{"line":14,"column":64}}],"line":14},"1":{"loc":{"start":{"line":23,"column":4},"end":{"line":26,"column":5}},"type":"if","locations":[{"start":{"line":23,"column":4},"end":{"line":26,"column":5}},{"start":{},"end":{}}],"line":23},"2":{"loc":{"start":{"line":30,"column":4},"end":{"line":37,"column":5}},"type":"if","locations":[{"start":{"line":30,"column":4},"end":{"line":37,"column":5}},{"start":{},"end":{}}],"line":30},"3":{"loc":{"start":{"line":33,"column":6},"end":{"line":36,"column":7}},"type":"if","locations":[{"start":{"line":33,"column":6},"end":{"line":36,"column":7}},{"start":{},"end":{}}],"line":33},"4":{"loc":{"start":{"line":59,"column":0},"end":{"line":61,"column":1}},"type":"if","locations":[{"start":{"line":59,"column":0},"end":{"line":61,"column":1}},{"start":{},"end":{}}],"line":59}},"s":{"0":3,"1":3,"2":0,"3":0,"4":0,"5":0,"6":0,"7":0,"8":0,"9":0,"10":0,"11":0,"12":0,"13":0,"14":0,"15":0,"16":0,"17":0,"18":0,"19":0,"20":0,"21":0,"22":0,"23":0,"24":3,"25":3,"26":0},"f":{"0":0,"1":0,"2":0,"3":0,"4":0,"5":0},"b":{"0":[3,3],"1":[0,0],"2":[0,0],"3":[0,0],"4":[0,3]},"_coverageSchema":"1a1c01bbd47fc00a2c39e90264f33305004495a9","hash":"7547f9bb579e2a18d82365574021751fc77562a6"}
,"D:\\gitHub\\codingPartners\\newton\\To-Do-List\\src\\updateTaskStatus.js": {"path":"D:\\gitHub\\codingPartners\\newton\\To-Do-List\\src\\updateTaskStatus.js","statementMap":{"0":{"start":{"line":5,"column":2},"end":{"line":5,"column":41}},"1":{"start":{"line":6,"column":2},"end":{"line":6,"column":19}}},"fnMap":{"0":{"name":"updateTaskStatus","decl":{"start":{"line":4,"column":16},"end":{"line":4,"column":32}},"loc":{"start":{"line":4,"column":62},"end":{"line":7,"column":1}},"line":4}},"branchMap":{},"s":{"0":1,"1":1},"f":{"0":1},"b":{},"_coverageSchema":"1a1c01bbd47fc00a2c39e90264f33305004495a9","hash":"bf7d6de162bab1e2a7377e5f0e6c40aa769bd036"}
}
