TN:
SF:modules/taskStatus.js
FN:4,clearCompletedTasks
FN:5,(anonymous_1)
FN:10,updateTaskIndexes
FN:11,(anonymous_3)
FN:16,saveTasks
FNF:5
FNH:1
FNDA:0,clearCompletedTasks
FNDA:0,(anonymous_1)
FNDA:0,updateTaskIndexes
FNDA:0,(anonymous_3)
FNDA:2,saveTasks
DA:5,0
DA:6,0
DA:7,0
DA:11,0
DA:12,0
DA:17,2
LF:6
LH:1
BRF:0
BRH:0
end_of_record
TN:
SF:src/add-task.js
FN:9,addTask
FNF:1
FNH:1
FNDA:2,addTask
DA:10,2
DA:16,2
DA:17,2
DA:18,2
LF:4
LH:4
BRF:0
BRH:0
end_of_record
TN:
SF:src/clearall-checked.js
FN:6,removeCompletedTasks
FN:8,(anonymous_1)
FN:9,(anonymous_2)
FNF:3
FNH:3
FNDA:3,removeCompletedTasks
FNDA:6,(anonymous_1)
FNDA:3,(anonymous_2)
DA:7,3
DA:8,6
DA:9,3
DA:10,3
DA:12,3
DA:13,3
DA:14,3
LF:7
LH:7
BRDA:7,0,0,3
BRDA:7,0,1,0
BRF:2
BRH:1
end_of_record
TN:
SF:src/deleteTask.js
FN:7,deleteTask
FN:10,(anonymous_1)
FNF:2
FNH:2
FNDA:3,deleteTask
FNDA:6,(anonymous_1)
DA:8,3
DA:9,3
DA:10,3
DA:11,6
DA:13,3
DA:14,3
LF:6
LH:6
BRF:0
BRH:0
end_of_record
TN:
SF:src/index.js
FN:16,(anonymous_0)
FN:26,(anonymous_1)
FN:35,(anonymous_2)
FN:50,removeAllTasks
FN:53,(anonymous_4)
FN:60,removeCompletedTasksfun
FNF:6
FNH:0
FNDA:0,(anonymous_0)
FNDA:0,(anonymous_1)
FNDA:0,(anonymous_2)
FNDA:0,removeAllTasks
FNDA:0,(anonymous_4)
FNDA:0,removeCompletedTasksfun
DA:14,3
DA:16,3
DA:17,0
DA:19,0
DA:21,0
DA:23,0
DA:24,0
DA:26,0
DA:27,0
DA:29,0
DA:30,0
DA:31,0
DA:35,0
DA:36,0
DA:37,0
DA:39,0
DA:40,0
DA:41,0
DA:46,0
DA:47,0
DA:51,0
DA:53,0
DA:54,0
DA:55,0
DA:56,0
DA:61,0
DA:64,3
DA:65,3
DA:66,0
DA:69,3
DA:70,0
LF:31
LH:5
BRDA:14,0,0,3
BRDA:14,0,1,3
BRDA:29,1,0,0
BRDA:29,1,1,0
BRDA:36,2,0,0
BRDA:36,2,1,0
BRDA:39,3,0,0
BRDA:39,3,1,0
BRDA:65,4,0,0
BRDA:65,4,1,3
BRDA:69,5,0,0
BRDA:69,5,1,3
BRF:12
BRH:4
end_of_record
TN:
SF:src/updateTaskStatus.js
FN:4,updateTaskStatus
FNF:1
FNH:1
FNDA:1,updateTaskStatus
DA:5,1
DA:6,1
LF:2
LH:2
BRF:0
BRH:0
end_of_record
