TN:
SF:modules/taskStatus.js
FN:4,saveTasks
FNF:1
FNH:1
FNDA:7,saveTasks
DA:5,7
LF:1
LH:1
BRF:0
BRH:0
end_of_record
TN:
SF:src/add-task.js
FN:10,addTask
FNF:1
FNH:1
FNDA:2,addTask
DA:11,2
DA:13,2
DA:19,2
DA:20,2
DA:21,2
DA:22,2
LF:6
LH:6
BRDA:11,0,0,2
BRDA:11,0,1,1
BRF:2
BRH:2
end_of_record
TN:
SF:src/clearall-checked.js
FN:8,removeCompletedTasks
FN:10,(anonymous_1)
FNF:2
FNH:2
FNDA:3,removeCompletedTasks
FNDA:6,(anonymous_1)
DA:9,3
DA:10,6
DA:11,3
DA:12,3
DA:13,3
LF:5
LH:5
BRDA:9,0,0,3
BRDA:9,0,1,0
BRF:2
BRH:1
end_of_record
TN:
SF:src/deleteTask.js
FN:7,deleteTask
FN:10,(anonymous_1)
FNF:2
FNH:2
FNDA:3,deleteTask
FNDA:6,(anonymous_1)
DA:8,3
DA:9,3
DA:10,3
DA:11,6
DA:13,3
DA:14,3
LF:6
LH:6
BRF:0
BRH:0
end_of_record
TN:
SF:src/index.js
FN:15,(anonymous_0)
FN:21,(anonymous_1)
FN:30,(anonymous_2)
FN:45,removeAllTasks
FN:48,(anonymous_4)
FN:55,removeCompletedTasksfun
FNF:6
FNH:0
FNDA:0,(anonymous_0)
FNDA:0,(anonymous_1)
FNDA:0,(anonymous_2)
FNDA:0,removeAllTasks
FNDA:0,(anonymous_4)
FNDA:0,removeCompletedTasksfun
DA:14,1
DA:15,1
DA:16,0
DA:18,0
DA:19,0
DA:21,0
DA:22,0
DA:24,0
DA:25,0
DA:26,0
DA:30,0
DA:31,0
DA:32,0
DA:34,0
DA:35,0
DA:36,0
DA:41,0
DA:42,0
DA:46,0
DA:48,0
DA:49,0
DA:50,0
DA:51,0
DA:56,0
DA:59,1
DA:60,1
DA:61,0
LF:27
LH:4
BRDA:14,0,0,1
BRDA:14,0,1,1
BRDA:24,1,0,0
BRDA:24,1,1,0
BRDA:31,2,0,0
BRDA:31,2,1,0
BRDA:34,3,0,0
BRDA:34,3,1,0
BRDA:60,4,0,0
BRDA:60,4,1,1
BRF:10
BRH:3
end_of_record
TN:
SF:src/update-taskinput.js
FN:5,updateTaskDescription
FNF:1
FNH:1
FNDA:2,updateTaskDescription
DA:6,2
DA:7,2
DA:8,2
LF:3
LH:3
BRF:0
BRH:0
end_of_record
TN:
SF:src/updateTaskStatus.js
FN:4,updateTaskStatus
FNF:1
FNH:1
FNDA:1,updateTaskStatus
DA:5,1
DA:6,1
LF:2
LH:2
BRF:0
BRH:0
end_of_record
